2017-11-24T22:30:10.861Z - error:  Error: ENOENT: no such file or directory, mkdir '/code/cilantro/iogates-transfer/cli/https:/share-web02-transferapp.iogates.com/show/15/59817e24914f1/bb56d48bc997112f511304b18b51806b/dir/373/373/0/0/0'
2017-11-24T22:30:23.894Z - error:  Error: ENOENT: no such file or directory, mkdir '/code/cilantro/iogates-transfer/cli/https:/share-web02-transferapp.iogates.com/show/15/59817e24914f1/bb56d48bc997112f511304b18b51806b/dir/373/373/0/0/0'
2017-11-24T22:30:56.191Z - error:  SequelizeValidationError: notNull Violation: Share.url cannot be null
    at Promise.all.then (/code/cilantro/iogates-transfer/core/node_modules/sequelize/lib/instance-validator.js:77:15)
    at tryCatcher (/code/cilantro/iogates-transfer/core/node_modules/bluebird/js/release/util.js:16:23)
    at Promise._settlePromiseFromHandler (/code/cilantro/iogates-transfer/core/node_modules/bluebird/js/release/promise.js:512:31)
    at Promise._settlePromise (/code/cilantro/iogates-transfer/core/node_modules/bluebird/js/release/promise.js:569:18)
    at Promise._settlePromise0 (/code/cilantro/iogates-transfer/core/node_modules/bluebird/js/release/promise.js:614:10)
    at Promise._settlePromises (/code/cilantro/iogates-transfer/core/node_modules/bluebird/js/release/promise.js:693:18)
    at Promise._fulfill (/code/cilantro/iogates-transfer/core/node_modules/bluebird/js/release/promise.js:638:18)
    at PromiseArray._resolve (/code/cilantro/iogates-transfer/core/node_modules/bluebird/js/release/promise_array.js:126:19)
    at PromiseArray._promiseFulfilled (/code/cilantro/iogates-transfer/core/node_modules/bluebird/js/release/promise_array.js:144:14)
    at Promise._settlePromise (/code/cilantro/iogates-transfer/core/node_modules/bluebird/js/release/promise.js:574:26)
    at Promise._settlePromise0 (/code/cilantro/iogates-transfer/core/node_modules/bluebird/js/release/promise.js:614:10)
    at Promise._settlePromises (/code/cilantro/iogates-transfer/core/node_modules/bluebird/js/release/promise.js:693:18)
    at Async._drainQueue (/code/cilantro/iogates-transfer/core/node_modules/bluebird/js/release/async.js:133:16)
    at Async._drainQueues (/code/cilantro/iogates-transfer/core/node_modules/bluebird/js/release/async.js:143:10)
    at Immediate.Async.drainQueues (/code/cilantro/iogates-transfer/core/node_modules/bluebird/js/release/async.js:17:14)
    at runCallback (timers.js:800:20)
    at tryOnImmediate (timers.js:762:5)
    at processImmediate [as _immediateCallback] (timers.js:733:5)
2017-11-24T22:31:05.819Z - error:  SequelizeValidationError: notNull Violation: Share.url cannot be null
    at Promise.all.then (/code/cilantro/iogates-transfer/core/node_modules/sequelize/lib/instance-validator.js:77:15)
    at tryCatcher (/code/cilantro/iogates-transfer/core/node_modules/bluebird/js/release/util.js:16:23)
    at Promise._settlePromiseFromHandler (/code/cilantro/iogates-transfer/core/node_modules/bluebird/js/release/promise.js:512:31)
    at Promise._settlePromise (/code/cilantro/iogates-transfer/core/node_modules/bluebird/js/release/promise.js:569:18)
    at Promise._settlePromise0 (/code/cilantro/iogates-transfer/core/node_modules/bluebird/js/release/promise.js:614:10)
    at Promise._settlePromises (/code/cilantro/iogates-transfer/core/node_modules/bluebird/js/release/promise.js:693:18)
    at Promise._fulfill (/code/cilantro/iogates-transfer/core/node_modules/bluebird/js/release/promise.js:638:18)
    at PromiseArray._resolve (/code/cilantro/iogates-transfer/core/node_modules/bluebird/js/release/promise_array.js:126:19)
    at PromiseArray._promiseFulfilled (/code/cilantro/iogates-transfer/core/node_modules/bluebird/js/release/promise_array.js:144:14)
    at Promise._settlePromise (/code/cilantro/iogates-transfer/core/node_modules/bluebird/js/release/promise.js:574:26)
    at Promise._settlePromise0 (/code/cilantro/iogates-transfer/core/node_modules/bluebird/js/release/promise.js:614:10)
    at Promise._settlePromises (/code/cilantro/iogates-transfer/core/node_modules/bluebird/js/release/promise.js:693:18)
    at Async._drainQueue (/code/cilantro/iogates-transfer/core/node_modules/bluebird/js/release/async.js:133:16)
    at Async._drainQueues (/code/cilantro/iogates-transfer/core/node_modules/bluebird/js/release/async.js:143:10)
    at Immediate.Async.drainQueues (/code/cilantro/iogates-transfer/core/node_modules/bluebird/js/release/async.js:17:14)
    at runCallback (timers.js:800:20)
    at tryOnImmediate (timers.js:762:5)
    at processImmediate [as _immediateCallback] (timers.js:733:5)
